<?xml version="1.0" encoding="UTF-8"?>
<testsuite xmlns:xsi="http://www.w3.org/2001/XMLSchema-instance" xsi:noNamespaceSchemaLocation="https://maven.apache.org/surefire/maven-surefire-plugin/xsd/surefire-test-report.xsd" name="com.jiade.utils.RedisOperatorTest" time="0.043" tests="1" errors="1" skipped="0" failures="0">
  <properties>
[...]
</properties>
  <testcase name="initializationError" classname="com.jiade.utils.RedisOperatorTest" time="0.004">
    <error message="Invalid test class &apos;com.jiade.utils.RedisOperatorTest&apos;:&#10;  1. The class com.jiade.utils.RedisOperatorTest is not public.&#10;  2. Test class should have exactly one public constructor&#10;  3. Method zRevRange() should be public&#10;  4. Method zRemove() should be public&#10;  5. Method sAdd() should be public&#10;  6. Method zAdd() should be public&#10;  7. Method sCard() should be public&#10;  8. Method zCard() should be public&#10;  9. Method zRank() should be public&#10;  10. Method sMembers() should be public&#10;  11. Method sIsMembers() should be public&#10;  12. Method sRemove() should be public" type="org.junit.runners.model.InvalidTestClassError">org.junit.runners.model.InvalidTestClassError: 
Invalid test class 'com.jiade.utils.RedisOperatorTest':
  1. The class com.jiade.utils.RedisOperatorTest is not public.
  2. Test class should have exactly one public constructor
  3. Method zRevRange() should be public
  4. Method zRemove() should be public
  5. Method sAdd() should be public
  6. Method zAdd() should be public
  7. Method sCard() should be public
  8. Method zCard() should be public
  9. Method zRank() should be public
  10. Method sMembers() should be public
  11. Method sIsMembers() should be public
  12. Method sRemove() should be public
</error>
  </testcase>
</testsuite>